<?xml version="1.0" encoding="UTF-8"?>
<!-- Generated by org.testng.reporters.JUnitReportReporter -->
<testsuite hostname="LAPTOP-NKUME37F" failures="0" tests="5" name="selenium_test.register_test" time="2.247" errors="0" timestamp="2024-10-07T00:04:20 ICT" skipped="0">
  <testcase classname="selenium_test.register_test" name="testPasswordMismatch" time="0.465"/>
  <testcase classname="selenium_test.register_test" name="testUnderageUser" time="0.444"/>
  <testcase classname="selenium_test.register_test" name="testValidRegistration" time="0.428"/>
  <testcase classname="selenium_test.register_test" name="testWeakPassword" time="0.403"/>
  <testcase classname="selenium_test.register_test" name="testInvalidFullName" time="0.507"/>
</testsuite> <!-- selenium_test.register_test -->
